<?xml version="1.0" encoding="UTF-8"?>
<!-- Generated by org.testng.reporters.JUnitXMLReporter -->
<testsuite hostname="XORIANT-GGN-005" ignored="6" name="Default test" tests="2" failures="0" timestamp="2020-07-11T06:59:11 IST" time="45.288" errors="0">
  <testcase name="verifyLogInUserTest" time="3.971" classname="testcases.GitFunctionsTest"/>
  <testcase name="verifyDeleteRepositoryTest" time="41.254" classname="testcases.GitFunctionsTest"/>
  <testcase name="verifyLinkIssueTest" time="0.0" classname="testcases.GitFunctionsTest">
    <ignored/>
  </testcase> <!-- verifyLinkIssueTest -->
  <testcase name="verifyCreateRepositoryTest" time="0.0" classname="testcases.GitFunctionsTest">
    <ignored/>
  </testcase> <!-- verifyCreateRepositoryTest -->
  <testcase name="verifyAddEmojiTest" time="0.0" classname="testcases.GitFunctionsTest">
    <ignored/>
  </testcase> <!-- verifyAddEmojiTest -->
  <testcase name="verifyCreateNewIssueAndEnterIssueIDinDescription" time="0.0" classname="testcases.GitFunctionsTest">
    <ignored/>
  </testcase> <!-- verifyCreateNewIssueAndEnterIssueIDinDescription -->
  <testcase name="verifyAddNewCommentTest" time="0.0" classname="testcases.GitFunctionsTest">
    <ignored/>
  </testcase> <!-- verifyAddNewCommentTest -->
  <testcase name="VerifyIssueCreationInExistingTest" time="0.0" classname="testcases.GitFunctionsTest">
    <ignored/>
  </testcase> <!-- VerifyIssueCreationInExistingTest -->
</testsuite> <!-- Default test -->
